2024-11-14T18:21:21.269Z [Modules] Modules initializing
2024-11-14T18:21:21.270Z [Modules] Distribution: remote
2024-11-14T18:21:21.270Z [Modules] Host updates: enabled
2024-11-14T18:21:21.270Z [Modules] Module updates: enabled
2024-11-14T18:21:21.270Z [Modules] Module install path: /home/kzi/.config/discord/0.0.74/modules
2024-11-14T18:21:21.270Z [Modules] Module installed file path: /home/kzi/.config/discord/0.0.74/modules/installed.json
2024-11-14T18:21:21.270Z [Modules] Module download path: /home/kzi/.config/discord/0.0.74/modules/pending
2024-11-14T18:21:21.592Z [Modules] Bootstrapping...
2024-11-14T18:21:21.592Z [Modules] Installing discord_desktop_core@0 from /opt/discord/resources/bootstrap/discord_desktop_core.zip
2024-11-14T18:21:21.597Z [Modules] Failed installing discord_desktop_core@0: Error: ENOENT: no such file or directory, open '/opt/discord/resources/bootstrap/discord_desktop_core.zip'
2024-11-14T18:21:21.597Z [Modules] Installing discord_erlpack@0 from /opt/discord/resources/bootstrap/discord_erlpack.zip
2024-11-14T18:21:21.599Z [Modules] Failed installing discord_erlpack@0: Error: ENOENT: no such file or directory, open '/opt/discord/resources/bootstrap/discord_erlpack.zip'
2024-11-14T18:21:21.599Z [Modules] Installing discord_spellcheck@0 from /opt/discord/resources/bootstrap/discord_spellcheck.zip
2024-11-14T18:21:21.600Z [Modules] Failed installing discord_spellcheck@0: Error: ENOENT: no such file or directory, open '/opt/discord/resources/bootstrap/discord_spellcheck.zip'
2024-11-14T18:21:21.601Z [Modules] Installing discord_utils@0 from /opt/discord/resources/bootstrap/discord_utils.zip
2024-11-14T18:21:21.602Z [Modules] Failed installing discord_utils@0: Error: ENOENT: no such file or directory, open '/opt/discord/resources/bootstrap/discord_utils.zip'
2024-11-14T18:21:21.602Z [Modules] Installing discord_voice@0 from /opt/discord/resources/bootstrap/discord_voice.zip
2024-11-14T18:21:21.603Z [Modules] Failed installing discord_voice@0: Error: ENOENT: no such file or directory, open '/opt/discord/resources/bootstrap/discord_voice.zip'
2024-11-14T18:21:21.604Z [Modules] Installing discord_zstd@0 from /opt/discord/resources/bootstrap/discord_zstd.zip
2024-11-14T18:21:21.605Z [Modules] Failed installing discord_zstd@0: Error: ENOENT: no such file or directory, open '/opt/discord/resources/bootstrap/discord_zstd.zip'
2024-11-14T18:21:21.605Z [Modules] Finished module installations. [success: 0] [failure: 6]
2024-11-14T18:21:21.605Z [Modules] Checking for host updates.
2024-11-14T18:21:21.816Z [Modules] Host is up to date.
2024-11-14T18:21:21.817Z [Modules] Checking for module updates at https://discord.com/api/modules/stable/versions.json
2024-11-14T18:21:21.875Z [Modules] Module update available: discord_desktop_core@1 [installed: 0]
2024-11-14T18:21:21.875Z [Modules] Module update available: discord_erlpack@1 [installed: 0]
2024-11-14T18:21:21.875Z [Modules] Module update available: discord_spellcheck@1 [installed: 0]
2024-11-14T18:21:21.875Z [Modules] Module update available: discord_utils@1 [installed: 0]
2024-11-14T18:21:21.876Z [Modules] Module update available: discord_voice@1 [installed: 0]
2024-11-14T18:21:21.876Z [Modules] Module update available: discord_zstd@1 [installed: 0]
2024-11-14T18:21:21.877Z [Modules] Fetching discord_desktop_core@1 from https://discord.com/api/modules/stable/discord_desktop_core/1
2024-11-14T18:21:21.878Z [Modules] Streaming discord_desktop_core@1 to /home/kzi/.config/discord/0.0.74/modules/pending/discord_desktop_core-1.zip
2024-11-14T18:21:22.191Z [Modules] Streaming discord_desktop_core@1 to /home/kzi/.config/discord/0.0.74/modules/pending/discord_desktop_core-1.zip: 1%
2024-11-14T18:21:22.257Z [Modules] Streaming discord_desktop_core@1 to /home/kzi/.config/discord/0.0.74/modules/pending/discord_desktop_core-1.zip: 2%
2024-11-14T18:21:22.261Z [Modules] Streaming discord_desktop_core@1 to /home/kzi/.config/discord/0.0.74/modules/pending/discord_desktop_core-1.zip: 10%
2024-11-14T18:21:22.265Z [Modules] Streaming discord_desktop_core@1 to /home/kzi/.config/discord/0.0.74/modules/pending/discord_desktop_core-1.zip: 22%
2024-11-14T18:21:22.271Z [Modules] Streaming discord_desktop_core@1 to /home/kzi/.config/discord/0.0.74/modules/pending/discord_desktop_core-1.zip: 30%
2024-11-14T18:21:22.275Z [Modules] Streaming discord_desktop_core@1 to /home/kzi/.config/discord/0.0.74/modules/pending/discord_desktop_core-1.zip: 39%
2024-11-14T18:21:22.280Z [Modules] Streaming discord_desktop_core@1 to /home/kzi/.config/discord/0.0.74/modules/pending/discord_desktop_core-1.zip: 53%
2024-11-14T18:21:22.285Z [Modules] Streaming discord_desktop_core@1 to /home/kzi/.config/discord/0.0.74/modules/pending/discord_desktop_core-1.zip: 67%
2024-11-14T18:21:22.290Z [Modules] Streaming discord_desktop_core@1 to /home/kzi/.config/discord/0.0.74/modules/pending/discord_desktop_core-1.zip: 76%
2024-11-14T18:21:22.293Z [Modules] Streaming discord_desktop_core@1 to /home/kzi/.config/discord/0.0.74/modules/pending/discord_desktop_core-1.zip: 79%
2024-11-14T18:21:22.297Z [Modules] Streaming discord_desktop_core@1 to /home/kzi/.config/discord/0.0.74/modules/pending/discord_desktop_core-1.zip: 81%
2024-11-14T18:21:22.300Z [Modules] Streaming discord_desktop_core@1 to /home/kzi/.config/discord/0.0.74/modules/pending/discord_desktop_core-1.zip: 84%
2024-11-14T18:21:22.305Z [Modules] Streaming discord_desktop_core@1 to /home/kzi/.config/discord/0.0.74/modules/pending/discord_desktop_core-1.zip: 87%
2024-11-14T18:21:22.309Z [Modules] Streaming discord_desktop_core@1 to /home/kzi/.config/discord/0.0.74/modules/pending/discord_desktop_core-1.zip: 91%
2024-11-14T18:21:22.312Z [Modules] Streaming discord_desktop_core@1 to /home/kzi/.config/discord/0.0.74/modules/pending/discord_desktop_core-1.zip: 93%
2024-11-14T18:21:22.315Z [Modules] Streaming discord_desktop_core@1 to /home/kzi/.config/discord/0.0.74/modules/pending/discord_desktop_core-1.zip: 94%
2024-11-14T18:21:22.320Z [Modules] Streaming discord_desktop_core@1 to /home/kzi/.config/discord/0.0.74/modules/pending/discord_desktop_core-1.zip: 100%
2024-11-14T18:21:22.327Z [Modules] Fetching discord_erlpack@1 from https://discord.com/api/modules/stable/discord_erlpack/1
2024-11-14T18:21:22.327Z [Modules] Streaming discord_erlpack@1 to /home/kzi/.config/discord/0.0.74/modules/pending/discord_erlpack-1.zip
2024-11-14T18:21:22.531Z [Modules] Streaming discord_erlpack@1 to /home/kzi/.config/discord/0.0.74/modules/pending/discord_erlpack-1.zip: 3%
2024-11-14T18:21:22.594Z [Modules] Streaming discord_erlpack@1 to /home/kzi/.config/discord/0.0.74/modules/pending/discord_erlpack-1.zip: 6%
2024-11-14T18:21:22.598Z [Modules] Streaming discord_erlpack@1 to /home/kzi/.config/discord/0.0.74/modules/pending/discord_erlpack-1.zip: 9%
2024-11-14T18:21:22.602Z [Modules] Streaming discord_erlpack@1 to /home/kzi/.config/discord/0.0.74/modules/pending/discord_erlpack-1.zip: 18%
2024-11-14T18:21:22.606Z [Modules] Streaming discord_erlpack@1 to /home/kzi/.config/discord/0.0.74/modules/pending/discord_erlpack-1.zip: 24%
2024-11-14T18:21:22.610Z [Modules] Streaming discord_erlpack@1 to /home/kzi/.config/discord/0.0.74/modules/pending/discord_erlpack-1.zip: 30%
2024-11-14T18:21:22.614Z [Modules] Streaming discord_erlpack@1 to /home/kzi/.config/discord/0.0.74/modules/pending/discord_erlpack-1.zip: 42%
2024-11-14T18:21:22.618Z [Modules] Streaming discord_erlpack@1 to /home/kzi/.config/discord/0.0.74/modules/pending/discord_erlpack-1.zip: 51%
2024-11-14T18:21:22.622Z [Modules] Streaming discord_erlpack@1 to /home/kzi/.config/discord/0.0.74/modules/pending/discord_erlpack-1.zip: 60%
2024-11-14T18:21:22.626Z [Modules] Streaming discord_erlpack@1 to /home/kzi/.config/discord/0.0.74/modules/pending/discord_erlpack-1.zip: 69%
2024-11-14T18:21:22.631Z [Modules] Streaming discord_erlpack@1 to /home/kzi/.config/discord/0.0.74/modules/pending/discord_erlpack-1.zip: 74%
2024-11-14T18:21:22.634Z [Modules] Streaming discord_erlpack@1 to /home/kzi/.config/discord/0.0.74/modules/pending/discord_erlpack-1.zip: 76%
2024-11-14T18:21:22.638Z [Modules] Streaming discord_erlpack@1 to /home/kzi/.config/discord/0.0.74/modules/pending/discord_erlpack-1.zip: 79%
2024-11-14T18:21:22.642Z [Modules] Streaming discord_erlpack@1 to /home/kzi/.config/discord/0.0.74/modules/pending/discord_erlpack-1.zip: 81%
2024-11-14T18:21:22.645Z [Modules] Streaming discord_erlpack@1 to /home/kzi/.config/discord/0.0.74/modules/pending/discord_erlpack-1.zip: 84%
2024-11-14T18:21:22.648Z [Modules] Streaming discord_erlpack@1 to /home/kzi/.config/discord/0.0.74/modules/pending/discord_erlpack-1.zip: 86%
2024-11-14T18:21:22.651Z [Modules] Streaming discord_erlpack@1 to /home/kzi/.config/discord/0.0.74/modules/pending/discord_erlpack-1.zip: 89%
2024-11-14T18:21:22.655Z [Modules] Streaming discord_erlpack@1 to /home/kzi/.config/discord/0.0.74/modules/pending/discord_erlpack-1.zip: 92%
2024-11-14T18:21:22.658Z [Modules] Streaming discord_erlpack@1 to /home/kzi/.config/discord/0.0.74/modules/pending/discord_erlpack-1.zip: 93%
2024-11-14T18:21:22.661Z [Modules] Streaming discord_erlpack@1 to /home/kzi/.config/discord/0.0.74/modules/pending/discord_erlpack-1.zip: 95%
2024-11-14T18:21:22.664Z [Modules] Streaming discord_erlpack@1 to /home/kzi/.config/discord/0.0.74/modules/pending/discord_erlpack-1.zip: 96%
2024-11-14T18:21:22.668Z [Modules] Streaming discord_erlpack@1 to /home/kzi/.config/discord/0.0.74/modules/pending/discord_erlpack-1.zip: 100%
2024-11-14T18:21:22.673Z [Modules] Fetching discord_spellcheck@1 from https://discord.com/api/modules/stable/discord_spellcheck/1
2024-11-14T18:21:22.674Z [Modules] Streaming discord_spellcheck@1 to /home/kzi/.config/discord/0.0.74/modules/pending/discord_spellcheck-1.zip
2024-11-14T18:21:22.953Z [Modules] Streaming discord_spellcheck@1 to /home/kzi/.config/discord/0.0.74/modules/pending/discord_spellcheck-1.zip: 1%
2024-11-14T18:21:22.954Z [Modules] Streaming discord_spellcheck@1 to /home/kzi/.config/discord/0.0.74/modules/pending/discord_spellcheck-1.zip: 2%
2024-11-14T18:21:22.955Z [Modules] Streaming discord_spellcheck@1 to /home/kzi/.config/discord/0.0.74/modules/pending/discord_spellcheck-1.zip: 4%
2024-11-14T18:21:22.957Z [Modules] Streaming discord_spellcheck@1 to /home/kzi/.config/discord/0.0.74/modules/pending/discord_spellcheck-1.zip: 6%
2024-11-14T18:21:22.959Z [Modules] Streaming discord_spellcheck@1 to /home/kzi/.config/discord/0.0.74/modules/pending/discord_spellcheck-1.zip: 7%
2024-11-14T18:21:22.964Z [Modules] Streaming discord_spellcheck@1 to /home/kzi/.config/discord/0.0.74/modules/pending/discord_spellcheck-1.zip: 8%
2024-11-14T18:21:22.966Z [Modules] Streaming discord_spellcheck@1 to /home/kzi/.config/discord/0.0.74/modules/pending/discord_spellcheck-1.zip: 9%
2024-11-14T18:21:22.968Z [Modules] Streaming discord_spellcheck@1 to /home/kzi/.config/discord/0.0.74/modules/pending/discord_spellcheck-1.zip: 10%
2024-11-14T18:21:22.970Z [Modules] Streaming discord_spellcheck@1 to /home/kzi/.config/discord/0.0.74/modules/pending/discord_spellcheck-1.zip: 11%
2024-11-14T18:21:22.975Z [Modules] Streaming discord_spellcheck@1 to /home/kzi/.config/discord/0.0.74/modules/pending/discord_spellcheck-1.zip: 12%
2024-11-14T18:21:22.978Z [Modules] Streaming discord_spellcheck@1 to /home/kzi/.config/discord/0.0.74/modules/pending/discord_spellcheck-1.zip: 13%
2024-11-14T18:21:22.982Z [Modules] Streaming discord_spellcheck@1 to /home/kzi/.config/discord/0.0.74/modules/pending/discord_spellcheck-1.zip: 14%
2024-11-14T18:21:22.987Z [Modules] Streaming discord_spellcheck@1 to /home/kzi/.config/discord/0.0.74/modules/pending/discord_spellcheck-1.zip: 15%
2024-11-14T18:21:22.988Z [Modules] Streaming discord_spellcheck@1 to /home/kzi/.config/discord/0.0.74/modules/pending/discord_spellcheck-1.zip: 16%
2024-11-14T18:21:22.993Z [Modules] Streaming discord_spellcheck@1 to /home/kzi/.config/discord/0.0.74/modules/pending/discord_spellcheck-1.zip: 17%
2024-11-14T18:21:23.000Z [Modules] Streaming discord_spellcheck@1 to /home/kzi/.config/discord/0.0.74/modules/pending/discord_spellcheck-1.zip: 18%
2024-11-14T18:21:23.005Z [Modules] Streaming discord_spellcheck@1 to /home/kzi/.config/discord/0.0.74/modules/pending/discord_spellcheck-1.zip: 19%
2024-11-14T18:21:23.012Z [Modules] Streaming discord_spellcheck@1 to /home/kzi/.config/discord/0.0.74/modules/pending/discord_spellcheck-1.zip: 20%
2024-11-14T18:21:23.019Z [Modules] Streaming discord_spellcheck@1 to /home/kzi/.config/discord/0.0.74/modules/pending/discord_spellcheck-1.zip: 21%
2024-11-14T18:21:23.025Z [Modules] Streaming discord_spellcheck@1 to /home/kzi/.config/discord/0.0.74/modules/pending/discord_spellcheck-1.zip: 22%
2024-11-14T18:21:23.032Z [Modules] Streaming discord_spellcheck@1 to /home/kzi/.config/discord/0.0.74/modules/pending/discord_spellcheck-1.zip: 23%
2024-11-14T18:21:23.039Z [Modules] Streaming discord_spellcheck@1 to /home/kzi/.config/discord/0.0.74/modules/pending/discord_spellcheck-1.zip: 24%
2024-11-14T18:21:23.044Z [Modules] Streaming discord_spellcheck@1 to /home/kzi/.config/discord/0.0.74/modules/pending/discord_spellcheck-1.zip: 25%
2024-11-14T18:21:23.052Z [Modules] Streaming discord_spellcheck@1 to /home/kzi/.config/discord/0.0.74/modules/pending/discord_spellcheck-1.zip: 26%
2024-11-14T18:21:23.057Z [Modules] Streaming discord_spellcheck@1 to /home/kzi/.config/discord/0.0.74/modules/pending/discord_spellcheck-1.zip: 27%
2024-11-14T18:21:23.064Z [Modules] Streaming discord_spellcheck@1 to /home/kzi/.config/discord/0.0.74/modules/pending/discord_spellcheck-1.zip: 28%
2024-11-14T18:21:23.071Z [Modules] Streaming discord_spellcheck@1 to /home/kzi/.config/discord/0.0.74/modules/pending/discord_spellcheck-1.zip: 29%
2024-11-14T18:21:23.077Z [Modules] Streaming discord_spellcheck@1 to /home/kzi/.config/discord/0.0.74/modules/pending/discord_spellcheck-1.zip: 30%
2024-11-14T18:21:23.084Z [Modules] Streaming discord_spellcheck@1 to /home/kzi/.config/discord/0.0.74/modules/pending/discord_spellcheck-1.zip: 31%
2024-11-14T18:21:23.091Z [Modules] Streaming discord_spellcheck@1 to /home/kzi/.config/discord/0.0.74/modules/pending/discord_spellcheck-1.zip: 32%
2024-11-14T18:21:23.096Z [Modules] Streaming discord_spellcheck@1 to /home/kzi/.config/discord/0.0.74/modules/pending/discord_spellcheck-1.zip: 33%
2024-11-14T18:21:23.104Z [Modules] Streaming discord_spellcheck@1 to /home/kzi/.config/discord/0.0.74/modules/pending/discord_spellcheck-1.zip: 34%
2024-11-14T18:21:23.110Z [Modules] Streaming discord_spellcheck@1 to /home/kzi/.config/discord/0.0.74/modules/pending/discord_spellcheck-1.zip: 35%
2024-11-14T18:21:23.116Z [Modules] Streaming discord_spellcheck@1 to /home/kzi/.config/discord/0.0.74/modules/pending/discord_spellcheck-1.zip: 36%
2024-11-14T18:21:23.122Z [Modules] Streaming discord_spellcheck@1 to /home/kzi/.config/discord/0.0.74/modules/pending/discord_spellcheck-1.zip: 37%
2024-11-14T18:21:23.129Z [Modules] Streaming discord_spellcheck@1 to /home/kzi/.config/discord/0.0.74/modules/pending/discord_spellcheck-1.zip: 38%
2024-11-14T18:21:23.135Z [Modules] Streaming discord_spellcheck@1 to /home/kzi/.config/discord/0.0.74/modules/pending/discord_spellcheck-1.zip: 39%
2024-11-14T18:21:23.142Z [Modules] Streaming discord_spellcheck@1 to /home/kzi/.config/discord/0.0.74/modules/pending/discord_spellcheck-1.zip: 40%
2024-11-14T18:21:23.149Z [Modules] Streaming discord_spellcheck@1 to /home/kzi/.config/discord/0.0.74/modules/pending/discord_spellcheck-1.zip: 41%
2024-11-14T18:21:23.155Z [Modules] Streaming discord_spellcheck@1 to /home/kzi/.config/discord/0.0.74/modules/pending/discord_spellcheck-1.zip: 42%
2024-11-14T18:21:23.162Z [Modules] Streaming discord_spellcheck@1 to /home/kzi/.config/discord/0.0.74/modules/pending/discord_spellcheck-1.zip: 43%
2024-11-14T18:21:23.168Z [Modules] Streaming discord_spellcheck@1 to /home/kzi/.config/discord/0.0.74/modules/pending/discord_spellcheck-1.zip: 44%
2024-11-14T18:21:23.175Z [Modules] Streaming discord_spellcheck@1 to /home/kzi/.config/discord/0.0.74/modules/pending/discord_spellcheck-1.zip: 45%
2024-11-14T18:21:23.181Z [Modules] Streaming discord_spellcheck@1 to /home/kzi/.config/discord/0.0.74/modules/pending/discord_spellcheck-1.zip: 46%
2024-11-14T18:21:23.189Z [Modules] Streaming discord_spellcheck@1 to /home/kzi/.config/discord/0.0.74/modules/pending/discord_spellcheck-1.zip: 47%
2024-11-14T18:21:23.193Z [Modules] Streaming discord_spellcheck@1 to /home/kzi/.config/discord/0.0.74/modules/pending/discord_spellcheck-1.zip: 48%
2024-11-14T18:21:23.201Z [Modules] Streaming discord_spellcheck@1 to /home/kzi/.config/discord/0.0.74/modules/pending/discord_spellcheck-1.zip: 49%
2024-11-14T18:21:23.208Z [Modules] Streaming discord_spellcheck@1 to /home/kzi/.config/discord/0.0.74/modules/pending/discord_spellcheck-1.zip: 50%
2024-11-14T18:21:23.215Z [Modules] Streaming discord_spellcheck@1 to /home/kzi/.config/discord/0.0.74/modules/pending/discord_spellcheck-1.zip: 51%
2024-11-14T18:21:23.222Z [Modules] Streaming discord_spellcheck@1 to /home/kzi/.config/discord/0.0.74/modules/pending/discord_spellcheck-1.zip: 52%
2024-11-14T18:21:23.229Z [Modules] Streaming discord_spellcheck@1 to /home/kzi/.config/discord/0.0.74/modules/pending/discord_spellcheck-1.zip: 53%
2024-11-14T18:21:23.235Z [Modules] Streaming discord_spellcheck@1 to /home/kzi/.config/discord/0.0.74/modules/pending/discord_spellcheck-1.zip: 54%
2024-11-14T18:21:23.242Z [Modules] Streaming discord_spellcheck@1 to /home/kzi/.config/discord/0.0.74/modules/pending/discord_spellcheck-1.zip: 55%
2024-11-14T18:21:23.248Z [Modules] Streaming discord_spellcheck@1 to /home/kzi/.config/discord/0.0.74/modules/pending/discord_spellcheck-1.zip: 56%
2024-11-14T18:21:23.257Z [Modules] Streaming discord_spellcheck@1 to /home/kzi/.config/discord/0.0.74/modules/pending/discord_spellcheck-1.zip: 57%
2024-11-14T18:21:23.263Z [Modules] Streaming discord_spellcheck@1 to /home/kzi/.config/discord/0.0.74/modules/pending/discord_spellcheck-1.zip: 58%
2024-11-14T18:21:23.273Z [Modules] Streaming discord_spellcheck@1 to /home/kzi/.config/discord/0.0.74/modules/pending/discord_spellcheck-1.zip: 59%
2024-11-14T18:21:23.280Z [Modules] Streaming discord_spellcheck@1 to /home/kzi/.config/discord/0.0.74/modules/pending/discord_spellcheck-1.zip: 60%
2024-11-14T18:21:23.285Z [Modules] Streaming discord_spellcheck@1 to /home/kzi/.config/discord/0.0.74/modules/pending/discord_spellcheck-1.zip: 61%
2024-11-14T18:21:23.291Z [Modules] Streaming discord_spellcheck@1 to /home/kzi/.config/discord/0.0.74/modules/pending/discord_spellcheck-1.zip: 62%
2024-11-14T18:21:23.296Z [Modules] Streaming discord_spellcheck@1 to /home/kzi/.config/discord/0.0.74/modules/pending/discord_spellcheck-1.zip: 63%
2024-11-14T18:21:23.306Z [Modules] Streaming discord_spellcheck@1 to /home/kzi/.config/discord/0.0.74/modules/pending/discord_spellcheck-1.zip: 64%
2024-11-14T18:21:23.312Z [Modules] Streaming discord_spellcheck@1 to /home/kzi/.config/discord/0.0.74/modules/pending/discord_spellcheck-1.zip: 65%
2024-11-14T18:21:23.316Z [Modules] Streaming discord_spellcheck@1 to /home/kzi/.config/discord/0.0.74/modules/pending/discord_spellcheck-1.zip: 66%
2024-11-14T18:21:23.324Z [Modules] Streaming discord_spellcheck@1 to /home/kzi/.config/discord/0.0.74/modules/pending/discord_spellcheck-1.zip: 67%
2024-11-14T18:21:23.331Z [Modules] Streaming discord_spellcheck@1 to /home/kzi/.config/discord/0.0.74/modules/pending/discord_spellcheck-1.zip: 68%
2024-11-14T18:21:23.335Z [Modules] Streaming discord_spellcheck@1 to /home/kzi/.config/discord/0.0.74/modules/pending/discord_spellcheck-1.zip: 69%
2024-11-14T18:21:23.417Z [Modules] Streaming discord_spellcheck@1 to /home/kzi/.config/discord/0.0.74/modules/pending/discord_spellcheck-1.zip: 70%
2024-11-14T18:21:23.421Z [Modules] Streaming discord_spellcheck@1 to /home/kzi/.config/discord/0.0.74/modules/pending/discord_spellcheck-1.zip: 72%
2024-11-14T18:21:23.426Z [Modules] Streaming discord_spellcheck@1 to /home/kzi/.config/discord/0.0.74/modules/pending/discord_spellcheck-1.zip: 73%
2024-11-14T18:21:23.430Z [Modules] Streaming discord_spellcheck@1 to /home/kzi/.config/discord/0.0.74/modules/pending/discord_spellcheck-1.zip: 74%
2024-11-14T18:21:23.435Z [Modules] Streaming discord_spellcheck@1 to /home/kzi/.config/discord/0.0.74/modules/pending/discord_spellcheck-1.zip: 76%
2024-11-14T18:21:23.441Z [Modules] Streaming discord_spellcheck@1 to /home/kzi/.config/discord/0.0.74/modules/pending/discord_spellcheck-1.zip: 77%
2024-11-14T18:21:23.445Z [Modules] Streaming discord_spellcheck@1 to /home/kzi/.config/discord/0.0.74/modules/pending/discord_spellcheck-1.zip: 78%
2024-11-14T18:21:23.448Z [Modules] Streaming discord_spellcheck@1 to /home/kzi/.config/discord/0.0.74/modules/pending/discord_spellcheck-1.zip: 79%
2024-11-14T18:21:23.452Z [Modules] Streaming discord_spellcheck@1 to /home/kzi/.config/discord/0.0.74/modules/pending/discord_spellcheck-1.zip: 81%
2024-11-14T18:21:23.457Z [Modules] Streaming discord_spellcheck@1 to /home/kzi/.config/discord/0.0.74/modules/pending/discord_spellcheck-1.zip: 82%
2024-11-14T18:21:23.462Z [Modules] Streaming discord_spellcheck@1 to /home/kzi/.config/discord/0.0.74/modules/pending/discord_spellcheck-1.zip: 83%
2024-11-14T18:21:23.465Z [Modules] Streaming discord_spellcheck@1 to /home/kzi/.config/discord/0.0.74/modules/pending/discord_spellcheck-1.zip: 84%
2024-11-14T18:21:23.468Z [Modules] Streaming discord_spellcheck@1 to /home/kzi/.config/discord/0.0.74/modules/pending/discord_spellcheck-1.zip: 86%
2024-11-14T18:21:23.475Z [Modules] Streaming discord_spellcheck@1 to /home/kzi/.config/discord/0.0.74/modules/pending/discord_spellcheck-1.zip: 87%
2024-11-14T18:21:23.479Z [Modules] Streaming discord_spellcheck@1 to /home/kzi/.config/discord/0.0.74/modules/pending/discord_spellcheck-1.zip: 88%
2024-11-14T18:21:23.483Z [Modules] Streaming discord_spellcheck@1 to /home/kzi/.config/discord/0.0.74/modules/pending/discord_spellcheck-1.zip: 89%
2024-11-14T18:21:23.489Z [Modules] Streaming discord_spellcheck@1 to /home/kzi/.config/discord/0.0.74/modules/pending/discord_spellcheck-1.zip: 90%
2024-11-14T18:21:23.492Z [Modules] Streaming discord_spellcheck@1 to /home/kzi/.config/discord/0.0.74/modules/pending/discord_spellcheck-1.zip: 91%
2024-11-14T18:21:23.497Z [Modules] Streaming discord_spellcheck@1 to /home/kzi/.config/discord/0.0.74/modules/pending/discord_spellcheck-1.zip: 92%
2024-11-14T18:21:23.504Z [Modules] Streaming discord_spellcheck@1 to /home/kzi/.config/discord/0.0.74/modules/pending/discord_spellcheck-1.zip: 93%
2024-11-14T18:21:23.510Z [Modules] Streaming discord_spellcheck@1 to /home/kzi/.config/discord/0.0.74/modules/pending/discord_spellcheck-1.zip: 95%
2024-11-14T18:21:23.514Z [Modules] Streaming discord_spellcheck@1 to /home/kzi/.config/discord/0.0.74/modules/pending/discord_spellcheck-1.zip: 96%
2024-11-14T18:21:23.519Z [Modules] Streaming discord_spellcheck@1 to /home/kzi/.config/discord/0.0.74/modules/pending/discord_spellcheck-1.zip: 97%
2024-11-14T18:21:23.526Z [Modules] Streaming discord_spellcheck@1 to /home/kzi/.config/discord/0.0.74/modules/pending/discord_spellcheck-1.zip: 98%
2024-11-14T18:21:23.531Z [Modules] Streaming discord_spellcheck@1 to /home/kzi/.config/discord/0.0.74/modules/pending/discord_spellcheck-1.zip: 99%
2024-11-14T18:21:23.534Z [Modules] Streaming discord_spellcheck@1 to /home/kzi/.config/discord/0.0.74/modules/pending/discord_spellcheck-1.zip: 100%
2024-11-14T18:21:23.541Z [Modules] Fetching discord_utils@1 from https://discord.com/api/modules/stable/discord_utils/1
2024-11-14T18:21:23.541Z [Modules] Streaming discord_utils@1 to /home/kzi/.config/discord/0.0.74/modules/pending/discord_utils-1.zip
2024-11-14T18:21:23.749Z [Modules] Streaming discord_utils@1 to /home/kzi/.config/discord/0.0.74/modules/pending/discord_utils-1.zip: 1%
2024-11-14T18:21:23.752Z [Modules] Streaming discord_utils@1 to /home/kzi/.config/discord/0.0.74/modules/pending/discord_utils-1.zip: 3%
2024-11-14T18:21:23.757Z [Modules] Streaming discord_utils@1 to /home/kzi/.config/discord/0.0.74/modules/pending/discord_utils-1.zip: 4%
2024-11-14T18:21:23.760Z [Modules] Streaming discord_utils@1 to /home/kzi/.config/discord/0.0.74/modules/pending/discord_utils-1.zip: 5%
2024-11-14T18:21:23.767Z [Modules] Streaming discord_utils@1 to /home/kzi/.config/discord/0.0.74/modules/pending/discord_utils-1.zip: 8%
2024-11-14T18:21:23.774Z [Modules] Streaming discord_utils@1 to /home/kzi/.config/discord/0.0.74/modules/pending/discord_utils-1.zip: 9%
2024-11-14T18:21:23.778Z [Modules] Streaming discord_utils@1 to /home/kzi/.config/discord/0.0.74/modules/pending/discord_utils-1.zip: 11%
2024-11-14T18:21:23.782Z [Modules] Streaming discord_utils@1 to /home/kzi/.config/discord/0.0.74/modules/pending/discord_utils-1.zip: 13%
2024-11-14T18:21:23.785Z [Modules] Streaming discord_utils@1 to /home/kzi/.config/discord/0.0.74/modules/pending/discord_utils-1.zip: 14%
2024-11-14T18:21:23.789Z [Modules] Streaming discord_utils@1 to /home/kzi/.config/discord/0.0.74/modules/pending/discord_utils-1.zip: 17%
2024-11-14T18:21:23.795Z [Modules] Streaming discord_utils@1 to /home/kzi/.config/discord/0.0.74/modules/pending/discord_utils-1.zip: 19%
2024-11-14T18:21:23.797Z [Modules] Streaming discord_utils@1 to /home/kzi/.config/discord/0.0.74/modules/pending/discord_utils-1.zip: 20%
2024-11-14T18:21:23.800Z [Modules] Streaming discord_utils@1 to /home/kzi/.config/discord/0.0.74/modules/pending/discord_utils-1.zip: 21%
2024-11-14T18:21:23.802Z [Modules] Streaming discord_utils@1 to /home/kzi/.config/discord/0.0.74/modules/pending/discord_utils-1.zip: 22%
2024-11-14T18:21:23.808Z [Modules] Streaming discord_utils@1 to /home/kzi/.config/discord/0.0.74/modules/pending/discord_utils-1.zip: 23%
2024-11-14T18:21:23.810Z [Modules] Streaming discord_utils@1 to /home/kzi/.config/discord/0.0.74/modules/pending/discord_utils-1.zip: 25%
2024-11-14T18:21:23.813Z [Modules] Streaming discord_utils@1 to /home/kzi/.config/discord/0.0.74/modules/pending/discord_utils-1.zip: 28%
2024-11-14T18:21:23.818Z [Modules] Streaming discord_utils@1 to /home/kzi/.config/discord/0.0.74/modules/pending/discord_utils-1.zip: 29%
2024-11-14T18:21:23.821Z [Modules] Streaming discord_utils@1 to /home/kzi/.config/discord/0.0.74/modules/pending/discord_utils-1.zip: 31%
2024-11-14T18:21:23.826Z [Modules] Streaming discord_utils@1 to /home/kzi/.config/discord/0.0.74/modules/pending/discord_utils-1.zip: 32%
2024-11-14T18:21:23.828Z [Modules] Streaming discord_utils@1 to /home/kzi/.config/discord/0.0.74/modules/pending/discord_utils-1.zip: 33%
2024-11-14T18:21:23.831Z [Modules] Streaming discord_utils@1 to /home/kzi/.config/discord/0.0.74/modules/pending/discord_utils-1.zip: 34%
2024-11-14T18:21:23.833Z [Modules] Streaming discord_utils@1 to /home/kzi/.config/discord/0.0.74/modules/pending/discord_utils-1.zip: 35%
2024-11-14T18:21:23.836Z [Modules] Streaming discord_utils@1 to /home/kzi/.config/discord/0.0.74/modules/pending/discord_utils-1.zip: 36%
2024-11-14T18:21:23.838Z [Modules] Streaming discord_utils@1 to /home/kzi/.config/discord/0.0.74/modules/pending/discord_utils-1.zip: 37%
2024-11-14T18:21:23.841Z [Modules] Streaming discord_utils@1 to /home/kzi/.config/discord/0.0.74/modules/pending/discord_utils-1.zip: 38%
2024-11-14T18:21:23.844Z [Modules] Streaming discord_utils@1 to /home/kzi/.config/discord/0.0.74/modules/pending/discord_utils-1.zip: 39%
2024-11-14T18:21:23.847Z [Modules] Streaming discord_utils@1 to /home/kzi/.config/discord/0.0.74/modules/pending/discord_utils-1.zip: 41%
2024-11-14T18:21:23.851Z [Modules] Streaming discord_utils@1 to /home/kzi/.config/discord/0.0.74/modules/pending/discord_utils-1.zip: 42%
2024-11-14T18:21:23.854Z [Modules] Streaming discord_utils@1 to /home/kzi/.config/discord/0.0.74/modules/pending/discord_utils-1.zip: 43%
2024-11-14T18:21:23.857Z [Modules] Streaming discord_utils@1 to /home/kzi/.config/discord/0.0.74/modules/pending/discord_utils-1.zip: 44%
2024-11-14T18:21:23.859Z [Modules] Streaming discord_utils@1 to /home/kzi/.config/discord/0.0.74/modules/pending/discord_utils-1.zip: 45%
2024-11-14T18:21:23.862Z [Modules] Streaming discord_utils@1 to /home/kzi/.config/discord/0.0.74/modules/pending/discord_utils-1.zip: 46%
2024-11-14T18:21:23.865Z [Modules] Streaming discord_utils@1 to /home/kzi/.config/discord/0.0.74/modules/pending/discord_utils-1.zip: 48%
2024-11-14T18:21:23.871Z [Modules] Streaming discord_utils@1 to /home/kzi/.config/discord/0.0.74/modules/pending/discord_utils-1.zip: 50%
2024-11-14T18:21:23.876Z [Modules] Streaming discord_utils@1 to /home/kzi/.config/discord/0.0.74/modules/pending/discord_utils-1.zip: 52%
2024-11-14T18:21:23.880Z [Modules] Streaming discord_utils@1 to /home/kzi/.config/discord/0.0.74/modules/pending/discord_utils-1.zip: 53%
2024-11-14T18:21:23.884Z [Modules] Streaming discord_utils@1 to /home/kzi/.config/discord/0.0.74/modules/pending/discord_utils-1.zip: 54%
2024-11-14T18:21:23.887Z [Modules] Streaming discord_utils@1 to /home/kzi/.config/discord/0.0.74/modules/pending/discord_utils-1.zip: 56%
2024-11-14T18:21:23.890Z [Modules] Streaming discord_utils@1 to /home/kzi/.config/discord/0.0.74/modules/pending/discord_utils-1.zip: 57%
2024-11-14T18:21:23.896Z [Modules] Streaming discord_utils@1 to /home/kzi/.config/discord/0.0.74/modules/pending/discord_utils-1.zip: 58%
2024-11-14T18:21:23.902Z [Modules] Streaming discord_utils@1 to /home/kzi/.config/discord/0.0.74/modules/pending/discord_utils-1.zip: 61%
2024-11-14T18:21:23.909Z [Modules] Streaming discord_utils@1 to /home/kzi/.config/discord/0.0.74/modules/pending/discord_utils-1.zip: 62%
2024-11-14T18:21:23.911Z [Modules] Streaming discord_utils@1 to /home/kzi/.config/discord/0.0.74/modules/pending/discord_utils-1.zip: 64%
2024-11-14T18:21:23.915Z [Modules] Streaming discord_utils@1 to /home/kzi/.config/discord/0.0.74/modules/pending/discord_utils-1.zip: 67%
2024-11-14T18:21:23.918Z [Modules] Streaming discord_utils@1 to /home/kzi/.config/discord/0.0.74/modules/pending/discord_utils-1.zip: 68%
2024-11-14T18:21:23.920Z [Modules] Streaming discord_utils@1 to /home/kzi/.config/discord/0.0.74/modules/pending/discord_utils-1.zip: 69%
2024-11-14T18:21:23.923Z [Modules] Streaming discord_utils@1 to /home/kzi/.config/discord/0.0.74/modules/pending/discord_utils-1.zip: 70%
2024-11-14T18:21:23.926Z [Modules] Streaming discord_utils@1 to /home/kzi/.config/discord/0.0.74/modules/pending/discord_utils-1.zip: 71%
2024-11-14T18:21:23.929Z [Modules] Streaming discord_utils@1 to /home/kzi/.config/discord/0.0.74/modules/pending/discord_utils-1.zip: 72%
2024-11-14T18:21:23.932Z [Modules] Streaming discord_utils@1 to /home/kzi/.config/discord/0.0.74/modules/pending/discord_utils-1.zip: 73%
2024-11-14T18:21:23.935Z [Modules] Streaming discord_utils@1 to /home/kzi/.config/discord/0.0.74/modules/pending/discord_utils-1.zip: 74%
2024-11-14T18:21:23.939Z [Modules] Streaming discord_utils@1 to /home/kzi/.config/discord/0.0.74/modules/pending/discord_utils-1.zip: 76%
2024-11-14T18:21:23.943Z [Modules] Streaming discord_utils@1 to /home/kzi/.config/discord/0.0.74/modules/pending/discord_utils-1.zip: 78%
2024-11-14T18:21:23.946Z [Modules] Streaming discord_utils@1 to /home/kzi/.config/discord/0.0.74/modules/pending/discord_utils-1.zip: 79%
2024-11-14T18:21:23.949Z [Modules] Streaming discord_utils@1 to /home/kzi/.config/discord/0.0.74/modules/pending/discord_utils-1.zip: 80%
2024-11-14T18:21:23.953Z [Modules] Streaming discord_utils@1 to /home/kzi/.config/discord/0.0.74/modules/pending/discord_utils-1.zip: 81%
2024-11-14T18:21:23.956Z [Modules] Streaming discord_utils@1 to /home/kzi/.config/discord/0.0.74/modules/pending/discord_utils-1.zip: 82%
2024-11-14T18:21:23.960Z [Modules] Streaming discord_utils@1 to /home/kzi/.config/discord/0.0.74/modules/pending/discord_utils-1.zip: 83%
2024-11-14T18:21:23.962Z [Modules] Streaming discord_utils@1 to /home/kzi/.config/discord/0.0.74/modules/pending/discord_utils-1.zip: 85%
2024-11-14T18:21:23.966Z [Modules] Streaming discord_utils@1 to /home/kzi/.config/discord/0.0.74/modules/pending/discord_utils-1.zip: 86%
2024-11-14T18:21:23.968Z [Modules] Streaming discord_utils@1 to /home/kzi/.config/discord/0.0.74/modules/pending/discord_utils-1.zip: 87%
2024-11-14T18:21:23.971Z [Modules] Streaming discord_utils@1 to /home/kzi/.config/discord/0.0.74/modules/pending/discord_utils-1.zip: 88%
2024-11-14T18:21:23.977Z [Modules] Streaming discord_utils@1 to /home/kzi/.config/discord/0.0.74/modules/pending/discord_utils-1.zip: 91%
2024-11-14T18:21:23.980Z [Modules] Streaming discord_utils@1 to /home/kzi/.config/discord/0.0.74/modules/pending/discord_utils-1.zip: 92%
2024-11-14T18:21:23.982Z [Modules] Streaming discord_utils@1 to /home/kzi/.config/discord/0.0.74/modules/pending/discord_utils-1.zip: 93%
2024-11-14T18:21:23.984Z [Modules] Streaming discord_utils@1 to /home/kzi/.config/discord/0.0.74/modules/pending/discord_utils-1.zip: 94%
2024-11-14T18:21:23.988Z [Modules] Streaming discord_utils@1 to /home/kzi/.config/discord/0.0.74/modules/pending/discord_utils-1.zip: 95%
2024-11-14T18:21:23.993Z [Modules] Streaming discord_utils@1 to /home/kzi/.config/discord/0.0.74/modules/pending/discord_utils-1.zip: 96%
2024-11-14T18:21:23.996Z [Modules] Streaming discord_utils@1 to /home/kzi/.config/discord/0.0.74/modules/pending/discord_utils-1.zip: 97%
2024-11-14T18:21:23.999Z [Modules] Streaming discord_utils@1 to /home/kzi/.config/discord/0.0.74/modules/pending/discord_utils-1.zip: 98%
2024-11-14T18:21:24.001Z [Modules] Streaming discord_utils@1 to /home/kzi/.config/discord/0.0.74/modules/pending/discord_utils-1.zip: 100%
2024-11-14T18:21:24.006Z [Modules] Fetching discord_voice@1 from https://discord.com/api/modules/stable/discord_voice/1
2024-11-14T18:21:24.007Z [Modules] Streaming discord_voice@1 to /home/kzi/.config/discord/0.0.74/modules/pending/discord_voice-1.zip
2024-11-14T18:21:24.283Z [Modules] Streaming discord_voice@1 to /home/kzi/.config/discord/0.0.74/modules/pending/discord_voice-1.zip: 1%
2024-11-14T18:21:24.299Z [Modules] Streaming discord_voice@1 to /home/kzi/.config/discord/0.0.74/modules/pending/discord_voice-1.zip: 2%
2024-11-14T18:21:24.314Z [Modules] Streaming discord_voice@1 to /home/kzi/.config/discord/0.0.74/modules/pending/discord_voice-1.zip: 3%
2024-11-14T18:21:24.329Z [Modules] Streaming discord_voice@1 to /home/kzi/.config/discord/0.0.74/modules/pending/discord_voice-1.zip: 4%
2024-11-14T18:21:24.345Z [Modules] Streaming discord_voice@1 to /home/kzi/.config/discord/0.0.74/modules/pending/discord_voice-1.zip: 5%
2024-11-14T18:21:24.360Z [Modules] Streaming discord_voice@1 to /home/kzi/.config/discord/0.0.74/modules/pending/discord_voice-1.zip: 6%
2024-11-14T18:21:24.376Z [Modules] Streaming discord_voice@1 to /home/kzi/.config/discord/0.0.74/modules/pending/discord_voice-1.zip: 7%
2024-11-14T18:21:24.387Z [Modules] Streaming discord_voice@1 to /home/kzi/.config/discord/0.0.74/modules/pending/discord_voice-1.zip: 8%
2024-11-14T18:21:24.403Z [Modules] Streaming discord_voice@1 to /home/kzi/.config/discord/0.0.74/modules/pending/discord_voice-1.zip: 9%
2024-11-14T18:21:24.421Z [Modules] Streaming discord_voice@1 to /home/kzi/.config/discord/0.0.74/modules/pending/discord_voice-1.zip: 10%
2024-11-14T18:21:24.436Z [Modules] Streaming discord_voice@1 to /home/kzi/.config/discord/0.0.74/modules/pending/discord_voice-1.zip: 11%
2024-11-14T18:21:24.452Z [Modules] Streaming discord_voice@1 to /home/kzi/.config/discord/0.0.74/modules/pending/discord_voice-1.zip: 12%
2024-11-14T18:21:24.465Z [Modules] Streaming discord_voice@1 to /home/kzi/.config/discord/0.0.74/modules/pending/discord_voice-1.zip: 13%
2024-11-14T18:21:24.483Z [Modules] Streaming discord_voice@1 to /home/kzi/.config/discord/0.0.74/modules/pending/discord_voice-1.zip: 14%
2024-11-14T18:21:24.499Z [Modules] Streaming discord_voice@1 to /home/kzi/.config/discord/0.0.74/modules/pending/discord_voice-1.zip: 15%
2024-11-14T18:21:24.513Z [Modules] Streaming discord_voice@1 to /home/kzi/.config/discord/0.0.74/modules/pending/discord_voice-1.zip: 16%
2024-11-14T18:21:24.527Z [Modules] Streaming discord_voice@1 to /home/kzi/.config/discord/0.0.74/modules/pending/discord_voice-1.zip: 17%
2024-11-14T18:21:24.544Z [Modules] Streaming discord_voice@1 to /home/kzi/.config/discord/0.0.74/modules/pending/discord_voice-1.zip: 18%
2024-11-14T18:21:24.560Z [Modules] Streaming discord_voice@1 to /home/kzi/.config/discord/0.0.74/modules/pending/discord_voice-1.zip: 19%
2024-11-14T18:21:24.579Z [Modules] Streaming discord_voice@1 to /home/kzi/.config/discord/0.0.74/modules/pending/discord_voice-1.zip: 20%
2024-11-14T18:21:24.594Z [Modules] Streaming discord_voice@1 to /home/kzi/.config/discord/0.0.74/modules/pending/discord_voice-1.zip: 21%
2024-11-14T18:21:24.607Z [Modules] Streaming discord_voice@1 to /home/kzi/.config/discord/0.0.74/modules/pending/discord_voice-1.zip: 22%
2024-11-14T18:21:24.622Z [Modules] Streaming discord_voice@1 to /home/kzi/.config/discord/0.0.74/modules/pending/discord_voice-1.zip: 23%
2024-11-14T18:21:24.645Z [Modules] Streaming discord_voice@1 to /home/kzi/.config/discord/0.0.74/modules/pending/discord_voice-1.zip: 24%
2024-11-14T18:21:24.658Z [Modules] Streaming discord_voice@1 to /home/kzi/.config/discord/0.0.74/modules/pending/discord_voice-1.zip: 25%
2024-11-14T18:21:24.669Z [Modules] Streaming discord_voice@1 to /home/kzi/.config/discord/0.0.74/modules/pending/discord_voice-1.zip: 26%
2024-11-14T18:21:24.685Z [Modules] Streaming discord_voice@1 to /home/kzi/.config/discord/0.0.74/modules/pending/discord_voice-1.zip: 27%
2024-11-14T18:21:24.698Z [Modules] Streaming discord_voice@1 to /home/kzi/.config/discord/0.0.74/modules/pending/discord_voice-1.zip: 28%
2024-11-14T18:21:24.713Z [Modules] Streaming discord_voice@1 to /home/kzi/.config/discord/0.0.74/modules/pending/discord_voice-1.zip: 29%
2024-11-14T18:21:24.729Z [Modules] Streaming discord_voice@1 to /home/kzi/.config/discord/0.0.74/modules/pending/discord_voice-1.zip: 30%
2024-11-14T18:21:24.746Z [Modules] Streaming discord_voice@1 to /home/kzi/.config/discord/0.0.74/modules/pending/discord_voice-1.zip: 31%
2024-11-14T18:21:24.760Z [Modules] Streaming discord_voice@1 to /home/kzi/.config/discord/0.0.74/modules/pending/discord_voice-1.zip: 32%
2024-11-14T18:21:24.778Z [Modules] Streaming discord_voice@1 to /home/kzi/.config/discord/0.0.74/modules/pending/discord_voice-1.zip: 33%
2024-11-14T18:21:24.794Z [Modules] Streaming discord_voice@1 to /home/kzi/.config/discord/0.0.74/modules/pending/discord_voice-1.zip: 34%
2024-11-14T18:21:24.810Z [Modules] Streaming discord_voice@1 to /home/kzi/.config/discord/0.0.74/modules/pending/discord_voice-1.zip: 35%
2024-11-14T18:21:24.824Z [Modules] Streaming discord_voice@1 to /home/kzi/.config/discord/0.0.74/modules/pending/discord_voice-1.zip: 36%
2024-11-14T18:21:24.839Z [Modules] Streaming discord_voice@1 to /home/kzi/.config/discord/0.0.74/modules/pending/discord_voice-1.zip: 37%
2024-11-14T18:21:24.853Z [Modules] Streaming discord_voice@1 to /home/kzi/.config/discord/0.0.74/modules/pending/discord_voice-1.zip: 38%
2024-11-14T18:21:24.871Z [Modules] Streaming discord_voice@1 to /home/kzi/.config/discord/0.0.74/modules/pending/discord_voice-1.zip: 39%
2024-11-14T18:21:24.882Z [Modules] Streaming discord_voice@1 to /home/kzi/.config/discord/0.0.74/modules/pending/discord_voice-1.zip: 40%
2024-11-14T18:21:24.898Z [Modules] Streaming discord_voice@1 to /home/kzi/.config/discord/0.0.74/modules/pending/discord_voice-1.zip: 41%
2024-11-14T18:21:24.913Z [Modules] Streaming discord_voice@1 to /home/kzi/.config/discord/0.0.74/modules/pending/discord_voice-1.zip: 42%
2024-11-14T18:21:24.930Z [Modules] Streaming discord_voice@1 to /home/kzi/.config/discord/0.0.74/modules/pending/discord_voice-1.zip: 43%
2024-11-14T18:21:24.944Z [Modules] Streaming discord_voice@1 to /home/kzi/.config/discord/0.0.74/modules/pending/discord_voice-1.zip: 44%
2024-11-14T18:21:24.961Z [Modules] Streaming discord_voice@1 to /home/kzi/.config/discord/0.0.74/modules/pending/discord_voice-1.zip: 45%
2024-11-14T18:21:24.979Z [Modules] Streaming discord_voice@1 to /home/kzi/.config/discord/0.0.74/modules/pending/discord_voice-1.zip: 46%
2024-11-14T18:21:24.992Z [Modules] Streaming discord_voice@1 to /home/kzi/.config/discord/0.0.74/modules/pending/discord_voice-1.zip: 47%
2024-11-14T18:21:25.007Z [Modules] Streaming discord_voice@1 to /home/kzi/.config/discord/0.0.74/modules/pending/discord_voice-1.zip: 48%
2024-11-14T18:21:25.023Z [Modules] Streaming discord_voice@1 to /home/kzi/.config/discord/0.0.74/modules/pending/discord_voice-1.zip: 49%
2024-11-14T18:21:25.038Z [Modules] Streaming discord_voice@1 to /home/kzi/.config/discord/0.0.74/modules/pending/discord_voice-1.zip: 50%
2024-11-14T18:21:25.055Z [Modules] Streaming discord_voice@1 to /home/kzi/.config/discord/0.0.74/modules/pending/discord_voice-1.zip: 51%
2024-11-14T18:21:25.072Z [Modules] Streaming discord_voice@1 to /home/kzi/.config/discord/0.0.74/modules/pending/discord_voice-1.zip: 52%
2024-11-14T18:21:25.090Z [Modules] Streaming discord_voice@1 to /home/kzi/.config/discord/0.0.74/modules/pending/discord_voice-1.zip: 53%
2024-11-14T18:21:25.111Z [Modules] Streaming discord_voice@1 to /home/kzi/.config/discord/0.0.74/modules/pending/discord_voice-1.zip: 54%
2024-11-14T18:21:25.116Z [Modules] Streaming discord_voice@1 to /home/kzi/.config/discord/0.0.74/modules/pending/discord_voice-1.zip: 55%
2024-11-14T18:21:25.130Z [Modules] Streaming discord_voice@1 to /home/kzi/.config/discord/0.0.74/modules/pending/discord_voice-1.zip: 56%
2024-11-14T18:21:25.147Z [Modules] Streaming discord_voice@1 to /home/kzi/.config/discord/0.0.74/modules/pending/discord_voice-1.zip: 57%
2024-11-14T18:21:25.162Z [Modules] Streaming discord_voice@1 to /home/kzi/.config/discord/0.0.74/modules/pending/discord_voice-1.zip: 58%
2024-11-14T18:21:25.180Z [Modules] Streaming discord_voice@1 to /home/kzi/.config/discord/0.0.74/modules/pending/discord_voice-1.zip: 59%
2024-11-14T18:21:25.195Z [Modules] Streaming discord_voice@1 to /home/kzi/.config/discord/0.0.74/modules/pending/discord_voice-1.zip: 60%
2024-11-14T18:21:25.210Z [Modules] Streaming discord_voice@1 to /home/kzi/.config/discord/0.0.74/modules/pending/discord_voice-1.zip: 61%
2024-11-14T18:21:25.225Z [Modules] Streaming discord_voice@1 to /home/kzi/.config/discord/0.0.74/modules/pending/discord_voice-1.zip: 62%
2024-11-14T18:21:25.239Z [Modules] Streaming discord_voice@1 to /home/kzi/.config/discord/0.0.74/modules/pending/discord_voice-1.zip: 63%
2024-11-14T18:21:25.258Z [Modules] Streaming discord_voice@1 to /home/kzi/.config/discord/0.0.74/modules/pending/discord_voice-1.zip: 64%
2024-11-14T18:21:25.270Z [Modules] Streaming discord_voice@1 to /home/kzi/.config/discord/0.0.74/modules/pending/discord_voice-1.zip: 65%
2024-11-14T18:21:25.294Z [Modules] Streaming discord_voice@1 to /home/kzi/.config/discord/0.0.74/modules/pending/discord_voice-1.zip: 66%
2024-11-14T18:21:25.316Z [Modules] Streaming discord_voice@1 to /home/kzi/.config/discord/0.0.74/modules/pending/discord_voice-1.zip: 67%
2024-11-14T18:21:25.321Z [Modules] Streaming discord_voice@1 to /home/kzi/.config/discord/0.0.74/modules/pending/discord_voice-1.zip: 68%
2024-11-14T18:21:25.330Z [Modules] Streaming discord_voice@1 to /home/kzi/.config/discord/0.0.74/modules/pending/discord_voice-1.zip: 69%
2024-11-14T18:21:25.346Z [Modules] Streaming discord_voice@1 to /home/kzi/.config/discord/0.0.74/modules/pending/discord_voice-1.zip: 70%
2024-11-14T18:21:25.360Z [Modules] Streaming discord_voice@1 to /home/kzi/.config/discord/0.0.74/modules/pending/discord_voice-1.zip: 71%
2024-11-14T18:21:25.377Z [Modules] Streaming discord_voice@1 to /home/kzi/.config/discord/0.0.74/modules/pending/discord_voice-1.zip: 72%
2024-11-14T18:21:25.392Z [Modules] Streaming discord_voice@1 to /home/kzi/.config/discord/0.0.74/modules/pending/discord_voice-1.zip: 73%
2024-11-14T18:21:25.408Z [Modules] Streaming discord_voice@1 to /home/kzi/.config/discord/0.0.74/modules/pending/discord_voice-1.zip: 74%
2024-11-14T18:21:25.421Z [Modules] Streaming discord_voice@1 to /home/kzi/.config/discord/0.0.74/modules/pending/discord_voice-1.zip: 75%
2024-11-14T18:21:25.438Z [Modules] Streaming discord_voice@1 to /home/kzi/.config/discord/0.0.74/modules/pending/discord_voice-1.zip: 76%
2024-11-14T18:21:25.453Z [Modules] Streaming discord_voice@1 to /home/kzi/.config/discord/0.0.74/modules/pending/discord_voice-1.zip: 77%
2024-11-14T18:21:25.470Z [Modules] Streaming discord_voice@1 to /home/kzi/.config/discord/0.0.74/modules/pending/discord_voice-1.zip: 78%
2024-11-14T18:21:25.484Z [Modules] Streaming discord_voice@1 to /home/kzi/.config/discord/0.0.74/modules/pending/discord_voice-1.zip: 79%
2024-11-14T18:21:25.500Z [Modules] Streaming discord_voice@1 to /home/kzi/.config/discord/0.0.74/modules/pending/discord_voice-1.zip: 80%
2024-11-14T18:21:25.515Z [Modules] Streaming discord_voice@1 to /home/kzi/.config/discord/0.0.74/modules/pending/discord_voice-1.zip: 81%
2024-11-14T18:21:25.530Z [Modules] Streaming discord_voice@1 to /home/kzi/.config/discord/0.0.74/modules/pending/discord_voice-1.zip: 82%
2024-11-14T18:21:25.546Z [Modules] Streaming discord_voice@1 to /home/kzi/.config/discord/0.0.74/modules/pending/discord_voice-1.zip: 83%
2024-11-14T18:21:25.563Z [Modules] Streaming discord_voice@1 to /home/kzi/.config/discord/0.0.74/modules/pending/discord_voice-1.zip: 84%
2024-11-14T18:21:25.578Z [Modules] Streaming discord_voice@1 to /home/kzi/.config/discord/0.0.74/modules/pending/discord_voice-1.zip: 85%
2024-11-14T18:21:25.593Z [Modules] Streaming discord_voice@1 to /home/kzi/.config/discord/0.0.74/modules/pending/discord_voice-1.zip: 86%
2024-11-14T18:21:25.612Z [Modules] Streaming discord_voice@1 to /home/kzi/.config/discord/0.0.74/modules/pending/discord_voice-1.zip: 87%
2024-11-14T18:21:25.626Z [Modules] Streaming discord_voice@1 to /home/kzi/.config/discord/0.0.74/modules/pending/discord_voice-1.zip: 88%
2024-11-14T18:21:25.640Z [Modules] Streaming discord_voice@1 to /home/kzi/.config/discord/0.0.74/modules/pending/discord_voice-1.zip: 89%
2024-11-14T18:21:25.660Z [Modules] Streaming discord_voice@1 to /home/kzi/.config/discord/0.0.74/modules/pending/discord_voice-1.zip: 90%
2024-11-14T18:21:25.672Z [Modules] Streaming discord_voice@1 to /home/kzi/.config/discord/0.0.74/modules/pending/discord_voice-1.zip: 91%
2024-11-14T18:21:25.695Z [Modules] Streaming discord_voice@1 to /home/kzi/.config/discord/0.0.74/modules/pending/discord_voice-1.zip: 92%
2024-11-14T18:21:25.705Z [Modules] Streaming discord_voice@1 to /home/kzi/.config/discord/0.0.74/modules/pending/discord_voice-1.zip: 93%
2024-11-14T18:21:25.718Z [Modules] Streaming discord_voice@1 to /home/kzi/.config/discord/0.0.74/modules/pending/discord_voice-1.zip: 94%
2024-11-14T18:21:25.736Z [Modules] Streaming discord_voice@1 to /home/kzi/.config/discord/0.0.74/modules/pending/discord_voice-1.zip: 95%
2024-11-14T18:21:25.749Z [Modules] Streaming discord_voice@1 to /home/kzi/.config/discord/0.0.74/modules/pending/discord_voice-1.zip: 96%
2024-11-14T18:21:25.763Z [Modules] Streaming discord_voice@1 to /home/kzi/.config/discord/0.0.74/modules/pending/discord_voice-1.zip: 97%
2024-11-14T18:21:25.779Z [Modules] Streaming discord_voice@1 to /home/kzi/.config/discord/0.0.74/modules/pending/discord_voice-1.zip: 98%
2024-11-14T18:21:25.794Z [Modules] Streaming discord_voice@1 to /home/kzi/.config/discord/0.0.74/modules/pending/discord_voice-1.zip: 99%
2024-11-14T18:21:25.810Z [Modules] Streaming discord_voice@1 to /home/kzi/.config/discord/0.0.74/modules/pending/discord_voice-1.zip: 100%
2024-11-14T18:21:25.813Z [Modules] Fetching discord_zstd@1 from https://discord.com/api/modules/stable/discord_zstd/1
2024-11-14T18:21:25.814Z [Modules] Streaming discord_zstd@1 to /home/kzi/.config/discord/0.0.74/modules/pending/discord_zstd-1.zip
2024-11-14T18:21:26.010Z [Modules] Streaming discord_zstd@1 to /home/kzi/.config/discord/0.0.74/modules/pending/discord_zstd-1.zip: 9%
2024-11-14T18:21:26.013Z [Modules] Streaming discord_zstd@1 to /home/kzi/.config/discord/0.0.74/modules/pending/discord_zstd-1.zip: 19%
2024-11-14T18:21:26.016Z [Modules] Streaming discord_zstd@1 to /home/kzi/.config/discord/0.0.74/modules/pending/discord_zstd-1.zip: 35%
2024-11-14T18:21:26.019Z [Modules] Streaming discord_zstd@1 to /home/kzi/.config/discord/0.0.74/modules/pending/discord_zstd-1.zip: 51%
2024-11-14T18:21:26.021Z [Modules] Streaming discord_zstd@1 to /home/kzi/.config/discord/0.0.74/modules/pending/discord_zstd-1.zip: 67%
2024-11-14T18:21:26.024Z [Modules] Streaming discord_zstd@1 to /home/kzi/.config/discord/0.0.74/modules/pending/discord_zstd-1.zip: 94%
2024-11-14T18:21:26.040Z [Modules] Streaming discord_zstd@1 to /home/kzi/.config/discord/0.0.74/modules/pending/discord_zstd-1.zip: 100%
2024-11-14T18:21:26.043Z [Modules] Finished module downloads. [success: 6] [failure: 0]
2024-11-14T18:21:26.044Z [Modules] Installing updates...
2024-11-14T18:21:26.044Z [Modules] Installing discord_desktop_core@1 from /home/kzi/.config/discord/0.0.74/modules/pending/discord_desktop_core-1.zip
2024-11-14T18:21:26.442Z [Modules] Installing discord_erlpack@1 from /home/kzi/.config/discord/0.0.74/modules/pending/discord_erlpack-1.zip
2024-11-14T18:21:26.721Z [Modules] Installing discord_spellcheck@1 from /home/kzi/.config/discord/0.0.74/modules/pending/discord_spellcheck-1.zip
2024-11-14T18:21:27.941Z [Modules] Installing discord_utils@1 from /home/kzi/.config/discord/0.0.74/modules/pending/discord_utils-1.zip
2024-11-14T18:21:28.178Z [Modules] Installing discord_voice@1 from /home/kzi/.config/discord/0.0.74/modules/pending/discord_voice-1.zip
2024-11-14T18:21:29.036Z [Modules] Installing discord_zstd@1 from /home/kzi/.config/discord/0.0.74/modules/pending/discord_zstd-1.zip
2024-11-14T18:21:29.055Z [Modules] Finished module installations. [success: 6] [failure: 0]
2024-11-14T18:21:29.055Z [Modules] Checking for host updates.
2024-11-14T18:21:29.267Z [Modules] Host is up to date.
2024-11-14T18:21:29.268Z [Modules] Checking for module updates at https://discord.com/api/modules/stable/versions.json
2024-11-14T18:21:29.277Z [Modules] No module updates available.
2024-11-14T18:21:31.428Z [Modules] Starting to install discord_krisp...
2024-11-14T18:21:31.428Z [Modules] Fetching discord_krisp@1 from https://discord.com/api/modules/stable/discord_krisp/1
2024-11-14T18:21:31.429Z [Modules] Streaming discord_krisp@1 to /home/kzi/.config/discord/0.0.74/modules/pending/discord_krisp-1.zip
2024-11-14T18:21:31.449Z [Modules] Starting to install discord_game_utils...
2024-11-14T18:21:31.652Z [Modules] Streaming discord_krisp@1 to /home/kzi/.config/discord/0.0.74/modules/pending/discord_krisp-1.zip: 1%
2024-11-14T18:21:31.668Z [Modules] Streaming discord_krisp@1 to /home/kzi/.config/discord/0.0.74/modules/pending/discord_krisp-1.zip: 2%
2024-11-14T18:21:31.683Z [Modules] Streaming discord_krisp@1 to /home/kzi/.config/discord/0.0.74/modules/pending/discord_krisp-1.zip: 3%
2024-11-14T18:21:31.701Z [Modules] Streaming discord_krisp@1 to /home/kzi/.config/discord/0.0.74/modules/pending/discord_krisp-1.zip: 4%
2024-11-14T18:21:31.717Z [Modules] Streaming discord_krisp@1 to /home/kzi/.config/discord/0.0.74/modules/pending/discord_krisp-1.zip: 5%
2024-11-14T18:21:31.732Z [Modules] Streaming discord_krisp@1 to /home/kzi/.config/discord/0.0.74/modules/pending/discord_krisp-1.zip: 6%
2024-11-14T18:21:31.747Z [Modules] Streaming discord_krisp@1 to /home/kzi/.config/discord/0.0.74/modules/pending/discord_krisp-1.zip: 7%
2024-11-14T18:21:31.764Z [Modules] Streaming discord_krisp@1 to /home/kzi/.config/discord/0.0.74/modules/pending/discord_krisp-1.zip: 8%
2024-11-14T18:21:31.780Z [Modules] Streaming discord_krisp@1 to /home/kzi/.config/discord/0.0.74/modules/pending/discord_krisp-1.zip: 9%
2024-11-14T18:21:31.795Z [Modules] Streaming discord_krisp@1 to /home/kzi/.config/discord/0.0.74/modules/pending/discord_krisp-1.zip: 10%
2024-11-14T18:21:31.810Z [Modules] Streaming discord_krisp@1 to /home/kzi/.config/discord/0.0.74/modules/pending/discord_krisp-1.zip: 11%
2024-11-14T18:21:31.828Z [Modules] Streaming discord_krisp@1 to /home/kzi/.config/discord/0.0.74/modules/pending/discord_krisp-1.zip: 12%
2024-11-14T18:21:31.842Z [Modules] Streaming discord_krisp@1 to /home/kzi/.config/discord/0.0.74/modules/pending/discord_krisp-1.zip: 13%
2024-11-14T18:21:31.858Z [Modules] Streaming discord_krisp@1 to /home/kzi/.config/discord/0.0.74/modules/pending/discord_krisp-1.zip: 14%
2024-11-14T18:21:31.877Z [Modules] Streaming discord_krisp@1 to /home/kzi/.config/discord/0.0.74/modules/pending/discord_krisp-1.zip: 15%
2024-11-14T18:21:31.891Z [Modules] Streaming discord_krisp@1 to /home/kzi/.config/discord/0.0.74/modules/pending/discord_krisp-1.zip: 16%
2024-11-14T18:21:31.907Z [Modules] Streaming discord_krisp@1 to /home/kzi/.config/discord/0.0.74/modules/pending/discord_krisp-1.zip: 17%
2024-11-14T18:21:31.923Z [Modules] Streaming discord_krisp@1 to /home/kzi/.config/discord/0.0.74/modules/pending/discord_krisp-1.zip: 18%
2024-11-14T18:21:31.938Z [Modules] Streaming discord_krisp@1 to /home/kzi/.config/discord/0.0.74/modules/pending/discord_krisp-1.zip: 19%
2024-11-14T18:21:31.955Z [Modules] Streaming discord_krisp@1 to /home/kzi/.config/discord/0.0.74/modules/pending/discord_krisp-1.zip: 20%
2024-11-14T18:21:32.049Z [Modules] Streaming discord_krisp@1 to /home/kzi/.config/discord/0.0.74/modules/pending/discord_krisp-1.zip: 21%
2024-11-14T18:21:32.058Z [Modules] Streaming discord_krisp@1 to /home/kzi/.config/discord/0.0.74/modules/pending/discord_krisp-1.zip: 22%
2024-11-14T18:21:32.065Z [Modules] Streaming discord_krisp@1 to /home/kzi/.config/discord/0.0.74/modules/pending/discord_krisp-1.zip: 23%
2024-11-14T18:21:32.074Z [Modules] Streaming discord_krisp@1 to /home/kzi/.config/discord/0.0.74/modules/pending/discord_krisp-1.zip: 24%
2024-11-14T18:21:32.075Z [Modules] Streaming discord_krisp@1 to /home/kzi/.config/discord/0.0.74/modules/pending/discord_krisp-1.zip: 25%
2024-11-14T18:21:32.079Z [Modules] Streaming discord_krisp@1 to /home/kzi/.config/discord/0.0.74/modules/pending/discord_krisp-1.zip: 26%
2024-11-14T18:21:32.095Z [Modules] Streaming discord_krisp@1 to /home/kzi/.config/discord/0.0.74/modules/pending/discord_krisp-1.zip: 27%
2024-11-14T18:21:32.202Z [Modules] Streaming discord_krisp@1 to /home/kzi/.config/discord/0.0.74/modules/pending/discord_krisp-1.zip: 28%
2024-11-14T18:21:32.345Z [Modules] Streaming discord_krisp@1 to /home/kzi/.config/discord/0.0.74/modules/pending/discord_krisp-1.zip: 29%
2024-11-14T18:21:32.413Z [Modules] Streaming discord_krisp@1 to /home/kzi/.config/discord/0.0.74/modules/pending/discord_krisp-1.zip: 30%
2024-11-14T18:21:32.418Z [Modules] Streaming discord_krisp@1 to /home/kzi/.config/discord/0.0.74/modules/pending/discord_krisp-1.zip: 31%
2024-11-14T18:21:32.460Z [Modules] Streaming discord_krisp@1 to /home/kzi/.config/discord/0.0.74/modules/pending/discord_krisp-1.zip: 32%
2024-11-14T18:21:32.492Z [Modules] Streaming discord_krisp@1 to /home/kzi/.config/discord/0.0.74/modules/pending/discord_krisp-1.zip: 33%
2024-11-14T18:21:32.497Z [Modules] Streaming discord_krisp@1 to /home/kzi/.config/discord/0.0.74/modules/pending/discord_krisp-1.zip: 34%
2024-11-14T18:21:32.498Z [Modules] Streaming discord_krisp@1 to /home/kzi/.config/discord/0.0.74/modules/pending/discord_krisp-1.zip: 35%
2024-11-14T18:21:32.500Z [Modules] Streaming discord_krisp@1 to /home/kzi/.config/discord/0.0.74/modules/pending/discord_krisp-1.zip: 36%
2024-11-14T18:21:32.502Z [Modules] Streaming discord_krisp@1 to /home/kzi/.config/discord/0.0.74/modules/pending/discord_krisp-1.zip: 37%
2024-11-14T18:21:32.503Z [Modules] Streaming discord_krisp@1 to /home/kzi/.config/discord/0.0.74/modules/pending/discord_krisp-1.zip: 38%
2024-11-14T18:21:32.511Z [Modules] Streaming discord_krisp@1 to /home/kzi/.config/discord/0.0.74/modules/pending/discord_krisp-1.zip: 39%
2024-11-14T18:21:32.517Z [Modules] Streaming discord_krisp@1 to /home/kzi/.config/discord/0.0.74/modules/pending/discord_krisp-1.zip: 40%
2024-11-14T18:21:32.535Z [Modules] Streaming discord_krisp@1 to /home/kzi/.config/discord/0.0.74/modules/pending/discord_krisp-1.zip: 41%
2024-11-14T18:21:32.559Z [Modules] Streaming discord_krisp@1 to /home/kzi/.config/discord/0.0.74/modules/pending/discord_krisp-1.zip: 42%
2024-11-14T18:21:32.576Z [Modules] Streaming discord_krisp@1 to /home/kzi/.config/discord/0.0.74/modules/pending/discord_krisp-1.zip: 43%
2024-11-14T18:21:32.593Z [Modules] Streaming discord_krisp@1 to /home/kzi/.config/discord/0.0.74/modules/pending/discord_krisp-1.zip: 44%
2024-11-14T18:21:32.610Z [Modules] Streaming discord_krisp@1 to /home/kzi/.config/discord/0.0.74/modules/pending/discord_krisp-1.zip: 45%
2024-11-14T18:21:32.623Z [Modules] Streaming discord_krisp@1 to /home/kzi/.config/discord/0.0.74/modules/pending/discord_krisp-1.zip: 46%
2024-11-14T18:21:32.636Z [Modules] Streaming discord_krisp@1 to /home/kzi/.config/discord/0.0.74/modules/pending/discord_krisp-1.zip: 47%
2024-11-14T18:21:32.648Z [Modules] Streaming discord_krisp@1 to /home/kzi/.config/discord/0.0.74/modules/pending/discord_krisp-1.zip: 48%
2024-11-14T18:21:32.659Z [Modules] Streaming discord_krisp@1 to /home/kzi/.config/discord/0.0.74/modules/pending/discord_krisp-1.zip: 49%
2024-11-14T18:21:32.672Z [Modules] Streaming discord_krisp@1 to /home/kzi/.config/discord/0.0.74/modules/pending/discord_krisp-1.zip: 50%
2024-11-14T18:21:32.679Z [Modules] Streaming discord_krisp@1 to /home/kzi/.config/discord/0.0.74/modules/pending/discord_krisp-1.zip: 51%
2024-11-14T18:21:32.688Z [Modules] Streaming discord_krisp@1 to /home/kzi/.config/discord/0.0.74/modules/pending/discord_krisp-1.zip: 52%
2024-11-14T18:21:32.698Z [Modules] Streaming discord_krisp@1 to /home/kzi/.config/discord/0.0.74/modules/pending/discord_krisp-1.zip: 53%
2024-11-14T18:21:32.706Z [Modules] Streaming discord_krisp@1 to /home/kzi/.config/discord/0.0.74/modules/pending/discord_krisp-1.zip: 54%
2024-11-14T18:21:32.714Z [Modules] Streaming discord_krisp@1 to /home/kzi/.config/discord/0.0.74/modules/pending/discord_krisp-1.zip: 55%
2024-11-14T18:21:32.728Z [Modules] Streaming discord_krisp@1 to /home/kzi/.config/discord/0.0.74/modules/pending/discord_krisp-1.zip: 56%
2024-11-14T18:21:32.743Z [Modules] Streaming discord_krisp@1 to /home/kzi/.config/discord/0.0.74/modules/pending/discord_krisp-1.zip: 57%
2024-11-14T18:21:32.759Z [Modules] Streaming discord_krisp@1 to /home/kzi/.config/discord/0.0.74/modules/pending/discord_krisp-1.zip: 58%
2024-11-14T18:21:32.777Z [Modules] Streaming discord_krisp@1 to /home/kzi/.config/discord/0.0.74/modules/pending/discord_krisp-1.zip: 59%
2024-11-14T18:21:32.793Z [Modules] Streaming discord_krisp@1 to /home/kzi/.config/discord/0.0.74/modules/pending/discord_krisp-1.zip: 60%
2024-11-14T18:21:32.807Z [Modules] Streaming discord_krisp@1 to /home/kzi/.config/discord/0.0.74/modules/pending/discord_krisp-1.zip: 61%
2024-11-14T18:21:32.824Z [Modules] Streaming discord_krisp@1 to /home/kzi/.config/discord/0.0.74/modules/pending/discord_krisp-1.zip: 62%
2024-11-14T18:21:32.840Z [Modules] Streaming discord_krisp@1 to /home/kzi/.config/discord/0.0.74/modules/pending/discord_krisp-1.zip: 63%
2024-11-14T18:21:32.857Z [Modules] Streaming discord_krisp@1 to /home/kzi/.config/discord/0.0.74/modules/pending/discord_krisp-1.zip: 64%
2024-11-14T18:21:32.871Z [Modules] Streaming discord_krisp@1 to /home/kzi/.config/discord/0.0.74/modules/pending/discord_krisp-1.zip: 65%
2024-11-14T18:21:32.877Z [Modules] Checking for host updates.
2024-11-14T18:21:32.889Z [Modules] Streaming discord_krisp@1 to /home/kzi/.config/discord/0.0.74/modules/pending/discord_krisp-1.zip: 66%
2024-11-14T18:21:32.905Z [Modules] Streaming discord_krisp@1 to /home/kzi/.config/discord/0.0.74/modules/pending/discord_krisp-1.zip: 67%
2024-11-14T18:21:32.921Z [Modules] Streaming discord_krisp@1 to /home/kzi/.config/discord/0.0.74/modules/pending/discord_krisp-1.zip: 68%
2024-11-14T18:21:32.937Z [Modules] Streaming discord_krisp@1 to /home/kzi/.config/discord/0.0.74/modules/pending/discord_krisp-1.zip: 69%
2024-11-14T18:21:32.953Z [Modules] Streaming discord_krisp@1 to /home/kzi/.config/discord/0.0.74/modules/pending/discord_krisp-1.zip: 70%
2024-11-14T18:21:32.969Z [Modules] Streaming discord_krisp@1 to /home/kzi/.config/discord/0.0.74/modules/pending/discord_krisp-1.zip: 71%
2024-11-14T18:21:32.985Z [Modules] Streaming discord_krisp@1 to /home/kzi/.config/discord/0.0.74/modules/pending/discord_krisp-1.zip: 72%
2024-11-14T18:21:33.000Z [Modules] Streaming discord_krisp@1 to /home/kzi/.config/discord/0.0.74/modules/pending/discord_krisp-1.zip: 73%
2024-11-14T18:21:33.017Z [Modules] Streaming discord_krisp@1 to /home/kzi/.config/discord/0.0.74/modules/pending/discord_krisp-1.zip: 74%
2024-11-14T18:21:33.033Z [Modules] Streaming discord_krisp@1 to /home/kzi/.config/discord/0.0.74/modules/pending/discord_krisp-1.zip: 75%
2024-11-14T18:21:33.048Z [Modules] Streaming discord_krisp@1 to /home/kzi/.config/discord/0.0.74/modules/pending/discord_krisp-1.zip: 76%
2024-11-14T18:21:33.064Z [Modules] Streaming discord_krisp@1 to /home/kzi/.config/discord/0.0.74/modules/pending/discord_krisp-1.zip: 77%
2024-11-14T18:21:33.077Z [Modules] Starting to install discord_rpc...
2024-11-14T18:21:33.079Z [Modules] Streaming discord_krisp@1 to /home/kzi/.config/discord/0.0.74/modules/pending/discord_krisp-1.zip: 78%
2024-11-14T18:21:33.097Z [Modules] Streaming discord_krisp@1 to /home/kzi/.config/discord/0.0.74/modules/pending/discord_krisp-1.zip: 79%
2024-11-14T18:21:33.117Z [Modules] Streaming discord_krisp@1 to /home/kzi/.config/discord/0.0.74/modules/pending/discord_krisp-1.zip: 80%
2024-11-14T18:21:33.130Z [Modules] Streaming discord_krisp@1 to /home/kzi/.config/discord/0.0.74/modules/pending/discord_krisp-1.zip: 81%
2024-11-14T18:21:33.144Z [Modules] Streaming discord_krisp@1 to /home/kzi/.config/discord/0.0.74/modules/pending/discord_krisp-1.zip: 82%
2024-11-14T18:21:33.162Z [Modules] Streaming discord_krisp@1 to /home/kzi/.config/discord/0.0.74/modules/pending/discord_krisp-1.zip: 83%
2024-11-14T18:21:33.219Z [Modules] Streaming discord_krisp@1 to /home/kzi/.config/discord/0.0.74/modules/pending/discord_krisp-1.zip: 84%
2024-11-14T18:21:33.246Z [Modules] Streaming discord_krisp@1 to /home/kzi/.config/discord/0.0.74/modules/pending/discord_krisp-1.zip: 85%
2024-11-14T18:21:33.260Z [Modules] Streaming discord_krisp@1 to /home/kzi/.config/discord/0.0.74/modules/pending/discord_krisp-1.zip: 86%
2024-11-14T18:21:33.268Z [Modules] Streaming discord_krisp@1 to /home/kzi/.config/discord/0.0.74/modules/pending/discord_krisp-1.zip: 87%
2024-11-14T18:21:33.272Z [Modules] Streaming discord_krisp@1 to /home/kzi/.config/discord/0.0.74/modules/pending/discord_krisp-1.zip: 88%
2024-11-14T18:21:33.302Z [Modules] Streaming discord_krisp@1 to /home/kzi/.config/discord/0.0.74/modules/pending/discord_krisp-1.zip: 90%
2024-11-14T18:21:33.309Z [Modules] Streaming discord_krisp@1 to /home/kzi/.config/discord/0.0.74/modules/pending/discord_krisp-1.zip: 91%
2024-11-14T18:21:33.338Z [Modules] Streaming discord_krisp@1 to /home/kzi/.config/discord/0.0.74/modules/pending/discord_krisp-1.zip: 92%
2024-11-14T18:21:33.346Z [Modules] Streaming discord_krisp@1 to /home/kzi/.config/discord/0.0.74/modules/pending/discord_krisp-1.zip: 94%
2024-11-14T18:21:33.358Z [Modules] Streaming discord_krisp@1 to /home/kzi/.config/discord/0.0.74/modules/pending/discord_krisp-1.zip: 95%
2024-11-14T18:21:33.427Z [Modules] Streaming discord_krisp@1 to /home/kzi/.config/discord/0.0.74/modules/pending/discord_krisp-1.zip: 99%
2024-11-14T18:21:33.435Z [Modules] Streaming discord_krisp@1 to /home/kzi/.config/discord/0.0.74/modules/pending/discord_krisp-1.zip: 100%
2024-11-14T18:21:33.439Z [Modules] Fetching discord_game_utils@1 from https://discord.com/api/modules/stable/discord_game_utils/1
2024-11-14T18:21:33.440Z [Modules] Streaming discord_game_utils@1 to /home/kzi/.config/discord/0.0.74/modules/pending/discord_game_utils-1.zip
2024-11-14T18:21:33.440Z [Modules] Installing discord_krisp@1 from /home/kzi/.config/discord/0.0.74/modules/pending/discord_krisp-1.zip
2024-11-14T18:21:33.709Z [Modules] Streaming discord_game_utils@1 to /home/kzi/.config/discord/0.0.74/modules/pending/discord_game_utils-1.zip: 3%
2024-11-14T18:21:33.714Z [Modules] Streaming discord_game_utils@1 to /home/kzi/.config/discord/0.0.74/modules/pending/discord_game_utils-1.zip: 8%
2024-11-14T18:21:33.715Z [Modules] Streaming discord_game_utils@1 to /home/kzi/.config/discord/0.0.74/modules/pending/discord_game_utils-1.zip: 13%
2024-11-14T18:21:33.716Z [Modules] Streaming discord_game_utils@1 to /home/kzi/.config/discord/0.0.74/modules/pending/discord_game_utils-1.zip: 18%
2024-11-14T18:21:33.717Z [Modules] Streaming discord_game_utils@1 to /home/kzi/.config/discord/0.0.74/modules/pending/discord_game_utils-1.zip: 20%
2024-11-14T18:21:33.718Z [Modules] Streaming discord_game_utils@1 to /home/kzi/.config/discord/0.0.74/modules/pending/discord_game_utils-1.zip: 22%
2024-11-14T18:21:33.719Z [Modules] Streaming discord_game_utils@1 to /home/kzi/.config/discord/0.0.74/modules/pending/discord_game_utils-1.zip: 27%
2024-11-14T18:21:33.720Z [Modules] Streaming discord_game_utils@1 to /home/kzi/.config/discord/0.0.74/modules/pending/discord_game_utils-1.zip: 32%
2024-11-14T18:21:33.721Z [Modules] Streaming discord_game_utils@1 to /home/kzi/.config/discord/0.0.74/modules/pending/discord_game_utils-1.zip: 36%
2024-11-14T18:21:33.722Z [Modules] Streaming discord_game_utils@1 to /home/kzi/.config/discord/0.0.74/modules/pending/discord_game_utils-1.zip: 41%
2024-11-14T18:21:33.723Z [Modules] Streaming discord_game_utils@1 to /home/kzi/.config/discord/0.0.74/modules/pending/discord_game_utils-1.zip: 44%
2024-11-14T18:21:33.725Z [Modules] Streaming discord_game_utils@1 to /home/kzi/.config/discord/0.0.74/modules/pending/discord_game_utils-1.zip: 45%
2024-11-14T18:21:33.727Z [Modules] Streaming discord_game_utils@1 to /home/kzi/.config/discord/0.0.74/modules/pending/discord_game_utils-1.zip: 47%
2024-11-14T18:21:33.732Z [Modules] Streaming discord_game_utils@1 to /home/kzi/.config/discord/0.0.74/modules/pending/discord_game_utils-1.zip: 48%
2024-11-14T18:21:33.734Z [Modules] Streaming discord_game_utils@1 to /home/kzi/.config/discord/0.0.74/modules/pending/discord_game_utils-1.zip: 49%
2024-11-14T18:21:33.735Z [Modules] Streaming discord_game_utils@1 to /home/kzi/.config/discord/0.0.74/modules/pending/discord_game_utils-1.zip: 50%
2024-11-14T18:21:33.737Z [Modules] Streaming discord_game_utils@1 to /home/kzi/.config/discord/0.0.74/modules/pending/discord_game_utils-1.zip: 51%
2024-11-14T18:21:33.738Z [Modules] Streaming discord_game_utils@1 to /home/kzi/.config/discord/0.0.74/modules/pending/discord_game_utils-1.zip: 52%
2024-11-14T18:21:33.742Z [Modules] Streaming discord_game_utils@1 to /home/kzi/.config/discord/0.0.74/modules/pending/discord_game_utils-1.zip: 53%
2024-11-14T18:21:33.743Z [Modules] Streaming discord_game_utils@1 to /home/kzi/.config/discord/0.0.74/modules/pending/discord_game_utils-1.zip: 54%
2024-11-14T18:21:33.744Z [Modules] Streaming discord_game_utils@1 to /home/kzi/.config/discord/0.0.74/modules/pending/discord_game_utils-1.zip: 55%
2024-11-14T18:21:33.747Z [Modules] Streaming discord_game_utils@1 to /home/kzi/.config/discord/0.0.74/modules/pending/discord_game_utils-1.zip: 56%
2024-11-14T18:21:33.748Z [Modules] Streaming discord_game_utils@1 to /home/kzi/.config/discord/0.0.74/modules/pending/discord_game_utils-1.zip: 57%
2024-11-14T18:21:33.750Z [Modules] Streaming discord_game_utils@1 to /home/kzi/.config/discord/0.0.74/modules/pending/discord_game_utils-1.zip: 58%
2024-11-14T18:21:33.752Z [Modules] Streaming discord_game_utils@1 to /home/kzi/.config/discord/0.0.74/modules/pending/discord_game_utils-1.zip: 60%
2024-11-14T18:21:33.754Z [Modules] Streaming discord_game_utils@1 to /home/kzi/.config/discord/0.0.74/modules/pending/discord_game_utils-1.zip: 61%
2024-11-14T18:21:33.755Z [Modules] Streaming discord_game_utils@1 to /home/kzi/.config/discord/0.0.74/modules/pending/discord_game_utils-1.zip: 62%
2024-11-14T18:21:33.758Z [Modules] Streaming discord_game_utils@1 to /home/kzi/.config/discord/0.0.74/modules/pending/discord_game_utils-1.zip: 64%
2024-11-14T18:21:33.760Z [Modules] Streaming discord_game_utils@1 to /home/kzi/.config/discord/0.0.74/modules/pending/discord_game_utils-1.zip: 65%
2024-11-14T18:21:33.763Z [Modules] Streaming discord_game_utils@1 to /home/kzi/.config/discord/0.0.74/modules/pending/discord_game_utils-1.zip: 67%
2024-11-14T18:21:33.765Z [Modules] Streaming discord_game_utils@1 to /home/kzi/.config/discord/0.0.74/modules/pending/discord_game_utils-1.zip: 68%
2024-11-14T18:21:33.768Z [Modules] Streaming discord_game_utils@1 to /home/kzi/.config/discord/0.0.74/modules/pending/discord_game_utils-1.zip: 69%
2024-11-14T18:21:33.770Z [Modules] Streaming discord_game_utils@1 to /home/kzi/.config/discord/0.0.74/modules/pending/discord_game_utils-1.zip: 70%
2024-11-14T18:21:33.771Z [Modules] Streaming discord_game_utils@1 to /home/kzi/.config/discord/0.0.74/modules/pending/discord_game_utils-1.zip: 71%
2024-11-14T18:21:33.774Z [Modules] Streaming discord_game_utils@1 to /home/kzi/.config/discord/0.0.74/modules/pending/discord_game_utils-1.zip: 72%
2024-11-14T18:21:33.776Z [Modules] Streaming discord_game_utils@1 to /home/kzi/.config/discord/0.0.74/modules/pending/discord_game_utils-1.zip: 73%
2024-11-14T18:21:33.777Z [Modules] Streaming discord_game_utils@1 to /home/kzi/.config/discord/0.0.74/modules/pending/discord_game_utils-1.zip: 74%
2024-11-14T18:21:33.779Z [Modules] Streaming discord_game_utils@1 to /home/kzi/.config/discord/0.0.74/modules/pending/discord_game_utils-1.zip: 75%
2024-11-14T18:21:33.782Z [Modules] Streaming discord_game_utils@1 to /home/kzi/.config/discord/0.0.74/modules/pending/discord_game_utils-1.zip: 77%
2024-11-14T18:21:33.783Z [Modules] Streaming discord_game_utils@1 to /home/kzi/.config/discord/0.0.74/modules/pending/discord_game_utils-1.zip: 78%
2024-11-14T18:21:33.786Z [Modules] Streaming discord_game_utils@1 to /home/kzi/.config/discord/0.0.74/modules/pending/discord_game_utils-1.zip: 79%
2024-11-14T18:21:33.788Z [Modules] Streaming discord_game_utils@1 to /home/kzi/.config/discord/0.0.74/modules/pending/discord_game_utils-1.zip: 80%
2024-11-14T18:21:33.789Z [Modules] Streaming discord_game_utils@1 to /home/kzi/.config/discord/0.0.74/modules/pending/discord_game_utils-1.zip: 81%
2024-11-14T18:21:33.795Z [Modules] Streaming discord_game_utils@1 to /home/kzi/.config/discord/0.0.74/modules/pending/discord_game_utils-1.zip: 84%
2024-11-14T18:21:33.797Z [Modules] Streaming discord_game_utils@1 to /home/kzi/.config/discord/0.0.74/modules/pending/discord_game_utils-1.zip: 85%
2024-11-14T18:21:33.799Z [Modules] Streaming discord_game_utils@1 to /home/kzi/.config/discord/0.0.74/modules/pending/discord_game_utils-1.zip: 86%
2024-11-14T18:21:33.801Z [Modules] Streaming discord_game_utils@1 to /home/kzi/.config/discord/0.0.74/modules/pending/discord_game_utils-1.zip: 88%
2024-11-14T18:21:33.804Z [Modules] Streaming discord_game_utils@1 to /home/kzi/.config/discord/0.0.74/modules/pending/discord_game_utils-1.zip: 89%
2024-11-14T18:21:33.805Z [Modules] Streaming discord_game_utils@1 to /home/kzi/.config/discord/0.0.74/modules/pending/discord_game_utils-1.zip: 90%
2024-11-14T18:21:33.807Z [Modules] Streaming discord_game_utils@1 to /home/kzi/.config/discord/0.0.74/modules/pending/discord_game_utils-1.zip: 91%
2024-11-14T18:21:33.809Z [Modules] Streaming discord_game_utils@1 to /home/kzi/.config/discord/0.0.74/modules/pending/discord_game_utils-1.zip: 92%
2024-11-14T18:21:33.811Z [Modules] Streaming discord_game_utils@1 to /home/kzi/.config/discord/0.0.74/modules/pending/discord_game_utils-1.zip: 93%
2024-11-14T18:21:33.813Z [Modules] Streaming discord_game_utils@1 to /home/kzi/.config/discord/0.0.74/modules/pending/discord_game_utils-1.zip: 94%
2024-11-14T18:21:33.814Z [Modules] Streaming discord_game_utils@1 to /home/kzi/.config/discord/0.0.74/modules/pending/discord_game_utils-1.zip: 95%
2024-11-14T18:21:33.817Z [Modules] Streaming discord_game_utils@1 to /home/kzi/.config/discord/0.0.74/modules/pending/discord_game_utils-1.zip: 96%
2024-11-14T18:21:33.818Z [Modules] Streaming discord_game_utils@1 to /home/kzi/.config/discord/0.0.74/modules/pending/discord_game_utils-1.zip: 97%
2024-11-14T18:21:33.821Z [Modules] Streaming discord_game_utils@1 to /home/kzi/.config/discord/0.0.74/modules/pending/discord_game_utils-1.zip: 99%
2024-11-14T18:21:33.822Z [Modules] Streaming discord_game_utils@1 to /home/kzi/.config/discord/0.0.74/modules/pending/discord_game_utils-1.zip: 100%
2024-11-14T18:21:33.824Z [Modules] Fetching discord_rpc@1 from https://discord.com/api/modules/stable/discord_rpc/1
2024-11-14T18:21:33.824Z [Modules] Streaming discord_rpc@1 to /home/kzi/.config/discord/0.0.74/modules/pending/discord_rpc-1.zip
2024-11-14T18:21:33.895Z [Modules] Host is up to date.
2024-11-14T18:21:33.895Z [Modules] Checking for module updates at https://discord.com/api/modules/stable/versions.json
2024-11-14T18:21:33.899Z [Modules] No module updates available.
2024-11-14T18:21:34.040Z [Modules] Streaming discord_rpc@1 to /home/kzi/.config/discord/0.0.74/modules/pending/discord_rpc-1.zip: 2%
2024-11-14T18:21:34.040Z [Modules] Streaming discord_rpc@1 to /home/kzi/.config/discord/0.0.74/modules/pending/discord_rpc-1.zip: 100%
2024-11-14T18:21:34.042Z [Modules] Finished module downloads. [success: 3] [failure: 0]
2024-11-14T18:21:34.648Z [Modules] Installing discord_game_utils@1 from /home/kzi/.config/discord/0.0.74/modules/pending/discord_game_utils-1.zip
2024-11-14T18:21:34.909Z [Modules] Installing discord_rpc@1 from /home/kzi/.config/discord/0.0.74/modules/pending/discord_rpc-1.zip
2024-11-14T18:21:34.929Z [Modules] Finished module installations. [success: 3] [failure: 0]
